+ '[' -z '' ']'
+ case "$-" in
+ __lmod_vx=x
+ '[' -n x ']'
+ set +x
Shell debugging temporarily silenced: export LMOD_SH_DBG_ON=1 for this output (/p/software/juwelsbooster/lmod/8.7.49/init/bash)
Shell debugging restarted
+ unset __lmod_vx
+ VENV_NAME=.venv
+ VENV_DIR=/p/project1/hclimrep/vasireddy1/Wgen_lint_fix/WeatherGenerator
+ CONFIG_DIR=/p/project1/hclimrep/vasireddy1/WeatherGenerator_fcst_pretraining/WeatherGenerator/config
+ ml --force purge
++ /p/software/juwelsbooster/lmod/8.7.49/libexec/ml_cmd --force purge
+ eval 'module --force purge'
++ module --force purge
++ '[' -z '' ']'
++ case "$-" in
++ __lmod_sh_dbg=x
++ '[' -n x ']'
++ set +x
Shell debugging temporarily silenced: export LMOD_SH_DBG_ON=1 for Lmod's output
Shell debugging restarted
++ unset __lmod_sh_dbg
++ return 0
+ ml use /p/software/default/otherstages
++ /p/software/juwelsbooster/lmod/8.7.49/libexec/ml_cmd use /p/software/default/otherstages
+ eval 'module  use '\''/p/software/default/otherstages'\'''
++ module use /p/software/default/otherstages
++ '[' -z '' ']'
++ case "$-" in
++ __lmod_sh_dbg=x
++ '[' -n x ']'
++ set +x
Shell debugging temporarily silenced: export LMOD_SH_DBG_ON=1 for Lmod's output
Shell debugging restarted
++ unset __lmod_sh_dbg
++ return 0
+ ml Stages/2025
++ /p/software/juwelsbooster/lmod/8.7.49/libexec/ml_cmd Stages/2025
+ eval 'module  load '\''Stages/2025'\'''
++ module load Stages/2025
++ '[' -z '' ']'
++ case "$-" in
++ __lmod_sh_dbg=x
++ '[' -n x ']'
++ set +x
Shell debugging temporarily silenced: export LMOD_SH_DBG_ON=1 for Lmod's output
Shell debugging restarted
++ unset __lmod_sh_dbg
++ return 0
+ ml GCC/13.3.0
++ /p/software/juwelsbooster/lmod/8.7.49/libexec/ml_cmd GCC/13.3.0
+ eval 'module  load '\''GCC/13.3.0'\'''
++ module load GCC/13.3.0
++ '[' -z '' ']'
++ case "$-" in
++ __lmod_sh_dbg=x
++ '[' -n x ']'
++ set +x
Shell debugging temporarily silenced: export LMOD_SH_DBG_ON=1 for Lmod's output
Shell debugging restarted
++ unset __lmod_sh_dbg
++ return 0
+ ml GCCcore/.13.3.0
++ /p/software/juwelsbooster/lmod/8.7.49/libexec/ml_cmd GCCcore/.13.3.0
+ eval 'module  load '\''GCCcore/.13.3.0'\'''
++ module load GCCcore/.13.3.0
++ '[' -z '' ']'
++ case "$-" in
++ __lmod_sh_dbg=x
++ '[' -n x ']'
++ set +x
Shell debugging temporarily silenced: export LMOD_SH_DBG_ON=1 for Lmod's output
Shell debugging restarted
++ unset __lmod_sh_dbg
++ return 0
+ ml OpenMPI/5.0.5
++ /p/software/juwelsbooster/lmod/8.7.49/libexec/ml_cmd OpenMPI/5.0.5
+ eval 'module  load '\''OpenMPI/5.0.5'\'''
++ module load OpenMPI/5.0.5
++ '[' -z '' ']'
++ case "$-" in
++ __lmod_sh_dbg=x
++ '[' -n x ']'
++ set +x
Shell debugging temporarily silenced: export LMOD_SH_DBG_ON=1 for Lmod's output
Shell debugging restarted
++ unset __lmod_sh_dbg
++ return 0
+ ml git/2.45.1
++ /p/software/juwelsbooster/lmod/8.7.49/libexec/ml_cmd git/2.45.1
+ eval 'module  load '\''git/2.45.1'\'''
++ module load git/2.45.1
++ '[' -z '' ']'
++ case "$-" in
++ __lmod_sh_dbg=x
++ '[' -n x ']'
++ set +x
Shell debugging temporarily silenced: export LMOD_SH_DBG_ON=1 for Lmod's output
Shell debugging restarted
++ unset __lmod_sh_dbg
++ return 0
+ ml Python/3.12.3
++ /p/software/juwelsbooster/lmod/8.7.49/libexec/ml_cmd Python/3.12.3
+ eval 'module  load '\''Python/3.12.3'\'''
++ module load Python/3.12.3
++ '[' -z '' ']'
++ case "$-" in
++ __lmod_sh_dbg=x
++ '[' -n x ']'
++ set +x
Shell debugging temporarily silenced: export LMOD_SH_DBG_ON=1 for Lmod's output
Shell debugging restarted
++ unset __lmod_sh_dbg
++ return 0
+ '[' -z ']'
+ [[ -f /p/project1/hclimrep/vasireddy1/Wgen_lint_fix/WeatherGenerator/.venv/bin/activate ]]
+ echo 'Run virtual env via uv.'
+ source /p/project1/hclimrep/vasireddy1/Wgen_lint_fix/WeatherGenerator/.venv/bin/activate
++ '[' -z '' ']'
++ '[' -n x ']'
++ SCRIPT_PATH=/p/project1/hclimrep/vasireddy1/Wgen_lint_fix/WeatherGenerator/.venv/bin/activate
++ '[' /p/project1/hclimrep/vasireddy1/Wgen_lint_fix/WeatherGenerator/.venv/bin/activate = /var/spool/parastation/jobs/11580322 ']'
++ deactivate nondestructive
++ unset -f pydoc
++ '[' -z '' ']'
++ '[' -z '' ']'
++ hash -r
++ '[' -z '' ']'
++ unset VIRTUAL_ENV
++ unset VIRTUAL_ENV_PROMPT
++ '[' '!' nondestructive = nondestructive ']'
++ VIRTUAL_ENV=/p/project1/hclimrep/vasireddy1/Wgen_lint_fix/WeatherGenerator/.venv
++ '[' linux-gnu = cygwin ']'
++ '[' linux-gnu = msys ']'
++ export VIRTUAL_ENV
++ '[' -z '' ']'
++ unset SCRIPT_PATH
++ _OLD_VIRTUAL_PATH=/p/software/juwelsbooster/stages/2025/software/Python/3.12.3-GCCcore-13.3.0/bin:/p/software/juwelsbooster/stages/2025/software/SQLite/3.45.3-GCCcore-13.3.0/bin:/p/software/juwelsbooster/stages/2025/software/Tcl/8.6.14-GCCcore-13.3.0/bin:/p/software/juwelsbooster/stages/2025/software/bzip2/1.0.8-GCCcore-13.3.0/bin:/p/software/juwelsbooster/stages/2025/software/git/2.45.1-GCCcore-13.3.0/bin:/p/software/juwelsbooster/stages/2025/software/Perl/5.38.2-GCCcore-13.3.0/bin:/p/software/juwelsbooster/stages/2025/software/gettext/0.22.5-GCCcore-13.3.0/bin:/p/software/juwelsbooster/stages/2025/software/libiconv/1.17-GCCcore-13.3.0/bin:/p/software/juwelsbooster/stages/2025/software/ncurses/6.5-GCCcore-13.3.0/bin:/p/software/juwelsbooster/stages/2025/software/expat/2.6.2-GCCcore-13.3.0/bin:/p/software/default/stages/2025/software/cURL/8.7.1-GCCcore-13.3.0/bin:/p/software/default/stages/2025/software/OpenMPI/5.0.5-GCC-13.3.0/bin:/p/software/default/stages/2025/software/UCC/default-GCCcore-13.3.0/bin:/p/software/default/stages/2025/software/PRRTE/3.0.6-GCCcore-13.3.0/bin:/p/software/default/stages/2025/software/PMIx/5.0.3-GCCcore-13.3.0/bin:/p/software/juwelsbooster/stages/2025/software/UCX/default-GCCcore-13.3.0/bin:/p/software/juwelsbooster/stages/2025/software/CUDA/12/nvvm/bin:/p/software/juwelsbooster/stages/2025/software/CUDA/12/bin:/p/software/juwelsbooster/stages/2025/software/libevent/2.1.12-GCCcore-13.3.0/bin:/p/software/juwelsbooster/stages/2025/software/OpenSSL/3/bin:/p/software/juwelsbooster/stages/2025/software/hwloc/2.10.0-GCCcore-13.3.0/sbin:/p/software/juwelsbooster/stages/2025/software/hwloc/2.10.0-GCCcore-13.3.0/bin:/p/software/juwelsbooster/stages/2025/software/libxml2/2.12.7-GCCcore-13.3.0/bin:/p/software/juwelsbooster/stages/2025/software/XZ/5.4.5-GCCcore-13.3.0/bin:/p/software/juwelsbooster/stages/2025/software/numactl/2.0.18-GCCcore-13.3.0/bin:/p/software/juwelsbooster/stages/2025/software/binutils/2.42-GCCcore-13.3.0/bin:/p/software/juwelsbooster/stages/2025/software/GCCcore/13.3.0/bin:/p/home/jusers/vasireddy1/juwels/.vscode-server/cli/servers/Stable-848b80aeb52026648a8ff9f7c45a9b0a80641e2e/server/bin/remote-cli:/p/software/default/stages/2025/software/make/4.4.1-GCCcore-13.3.0/bin:/usr/local/bin:/usr/bin:/usr/local/sbin:/usr/sbin:/opt/jsc/bin:/usr/local/jsc/bin:/opt/parastation/bin:/p/software/juwelsbooster/bin:/opt/jsc/bin:/usr/local/jsc/bin:/opt/parastation/bin:/p/software/juwelsbooster/bin:/opt/jsc/bin:/usr/local/jsc/bin:/opt/parastation/bin:/p/software/juwelsbooster/bin
++ PATH=/p/project1/hclimrep/vasireddy1/Wgen_lint_fix/WeatherGenerator/.venv/bin:/p/software/juwelsbooster/stages/2025/software/Python/3.12.3-GCCcore-13.3.0/bin:/p/software/juwelsbooster/stages/2025/software/SQLite/3.45.3-GCCcore-13.3.0/bin:/p/software/juwelsbooster/stages/2025/software/Tcl/8.6.14-GCCcore-13.3.0/bin:/p/software/juwelsbooster/stages/2025/software/bzip2/1.0.8-GCCcore-13.3.0/bin:/p/software/juwelsbooster/stages/2025/software/git/2.45.1-GCCcore-13.3.0/bin:/p/software/juwelsbooster/stages/2025/software/Perl/5.38.2-GCCcore-13.3.0/bin:/p/software/juwelsbooster/stages/2025/software/gettext/0.22.5-GCCcore-13.3.0/bin:/p/software/juwelsbooster/stages/2025/software/libiconv/1.17-GCCcore-13.3.0/bin:/p/software/juwelsbooster/stages/2025/software/ncurses/6.5-GCCcore-13.3.0/bin:/p/software/juwelsbooster/stages/2025/software/expat/2.6.2-GCCcore-13.3.0/bin:/p/software/default/stages/2025/software/cURL/8.7.1-GCCcore-13.3.0/bin:/p/software/default/stages/2025/software/OpenMPI/5.0.5-GCC-13.3.0/bin:/p/software/default/stages/2025/software/UCC/default-GCCcore-13.3.0/bin:/p/software/default/stages/2025/software/PRRTE/3.0.6-GCCcore-13.3.0/bin:/p/software/default/stages/2025/software/PMIx/5.0.3-GCCcore-13.3.0/bin:/p/software/juwelsbooster/stages/2025/software/UCX/default-GCCcore-13.3.0/bin:/p/software/juwelsbooster/stages/2025/software/CUDA/12/nvvm/bin:/p/software/juwelsbooster/stages/2025/software/CUDA/12/bin:/p/software/juwelsbooster/stages/2025/software/libevent/2.1.12-GCCcore-13.3.0/bin:/p/software/juwelsbooster/stages/2025/software/OpenSSL/3/bin:/p/software/juwelsbooster/stages/2025/software/hwloc/2.10.0-GCCcore-13.3.0/sbin:/p/software/juwelsbooster/stages/2025/software/hwloc/2.10.0-GCCcore-13.3.0/bin:/p/software/juwelsbooster/stages/2025/software/libxml2/2.12.7-GCCcore-13.3.0/bin:/p/software/juwelsbooster/stages/2025/software/XZ/5.4.5-GCCcore-13.3.0/bin:/p/software/juwelsbooster/stages/2025/software/numactl/2.0.18-GCCcore-13.3.0/bin:/p/software/juwelsbooster/stages/2025/software/binutils/2.42-GCCcore-13.3.0/bin:/p/software/juwelsbooster/stages/2025/software/GCCcore/13.3.0/bin:/p/home/jusers/vasireddy1/juwels/.vscode-server/cli/servers/Stable-848b80aeb52026648a8ff9f7c45a9b0a80641e2e/server/bin/remote-cli:/p/software/default/stages/2025/software/make/4.4.1-GCCcore-13.3.0/bin:/usr/local/bin:/usr/bin:/usr/local/sbin:/usr/sbin:/opt/jsc/bin:/usr/local/jsc/bin:/opt/parastation/bin:/p/software/juwelsbooster/bin:/opt/jsc/bin:/usr/local/jsc/bin:/opt/parastation/bin:/p/software/juwelsbooster/bin:/opt/jsc/bin:/usr/local/jsc/bin:/opt/parastation/bin:/p/software/juwelsbooster/bin
++ export PATH
++ '[' xweathergen '!=' x ']'
++ VIRTUAL_ENV_PROMPT='(weathergen) '
++ export VIRTUAL_ENV_PROMPT
++ '[' -z '' ']'
++ '[' -z '' ']'
++ _OLD_VIRTUAL_PS1=
++ PS1='(weathergen) '
++ export PS1
++ alias pydoc
++ true
++ hash -r
+ export 'UCX_TLS=^cma'
+ UCX_TLS='^cma'
+ export UCX_NET_DEVICES=mlx5_0:1,mlx5_1:1,mlx5_4:1,mlx5_5:1
+ UCX_NET_DEVICES=mlx5_0:1,mlx5_1:1,mlx5_4:1,mlx5_5:1
+ export OMP_NUM_THREADS=12
+ OMP_NUM_THREADS=12
+ export SRUN_CPUS_PER_TASK=12
+ SRUN_CPUS_PER_TASK=12
+ export CUDA_VISIBLE_DEVICES=0,1,2,3
+ CUDA_VISIBLE_DEVICES=0,1,2,3
++ scontrol show hostnames jwb0065
++ head -n 1
+ export MASTER_ADDR=jwb0065
+ MASTER_ADDR=jwb0065
+ '[' juwelsbooster = juwelsbooster ']'
+ MASTER_ADDR=jwb0065i
+ echo 'MASTER_ADDR: jwb0065i'
+ export NCCL_DEBUG=TRACE
+ NCCL_DEBUG=TRACE
+ echo 'nccl_debug: TRACE'
+ export NCCL_IB_TIMEOUT=250
+ NCCL_IB_TIMEOUT=250
+ export UCX_RC_TIMEOUT=16s
+ UCX_RC_TIMEOUT=16s
+ export NCCL_IB_RETRY_CNT=50
+ NCCL_IB_RETRY_CNT=50
+ echo 'Starting job.'
+ date
+ echo 'Number of Nodes: 1'
+ echo 'Number of Tasks: 4'
+ export PYTORCH_CUDA_ALLOC_CONF=expandable_segments:True
+ PYTORCH_CUDA_ALLOC_CONF=expandable_segments:True
+ run_id=k96gmzhl
+ epoch=8
+ start_date=202201010000
+ end_date=202201310000
+ srun --label --cpu-bind=v --accel-bind=v train --private_config /p/project1/hclimrep/vasireddy1/WeatherGenerator_fcst_pretraining/WeatherGenerator/config/paths.yml --config /p/project1/hclimrep/vasireddy1/WeatherGenerator_fcst_pretraining/WeatherGenerator/config/pvt_cfg_pretrain_fcst_expt4.yaml
2: cpu_bind=THREADS - jwb0065, task  2  2 [2110609]: mask 0x3f03f set
1: cpu_bind=THREADS - jwb0065, task  1  1 [2110606]: mask 0xfc0fc0000000 set
0: cpu_bind=THREADS - jwb0065, task  0  0 [2110608]: mask 0xfc0fc0 set
3: cpu_bind=THREADS - jwb0065, task  3  3 [2110607]: mask 0x3f03f000000 set
2: 2025-05-31 17:32:01,465 weathergen/utils/config.py:174 : INFO     : Loading private config from /p/project1/hclimrep/vasireddy1/WeatherGenerator_fcst_pretraining/WeatherGenerator/config/paths.yml.
1: 2025-05-31 17:32:01,465 weathergen/utils/config.py:174 : INFO     : Loading private config from /p/project1/hclimrep/vasireddy1/WeatherGenerator_fcst_pretraining/WeatherGenerator/config/paths.yml.
0: 2025-05-31 17:32:01,465 weathergen/utils/config.py:174 : INFO     : Loading private config from /p/project1/hclimrep/vasireddy1/WeatherGenerator_fcst_pretraining/WeatherGenerator/config/paths.yml.
1: Traceback (most recent call last):
1:   File "/p/project1/hclimrep/vasireddy1/Wgen_lint_fix/WeatherGenerator/.venv/bin/train", line 10, in <module>
2: Traceback (most recent call last):
2:   File "/p/project1/hclimrep/vasireddy1/Wgen_lint_fix/WeatherGenerator/.venv/bin/train", line 10, in <module>
0: Traceback (most recent call last):
0:   File "/p/project1/hclimrep/vasireddy1/Wgen_lint_fix/WeatherGenerator/.venv/bin/train", line 10, in <module>
2:     sys.exit(train())
2:              ^^^^^^^
2:   File "/p/project1/hclimrep/vasireddy1/Wgen_lint_fix/WeatherGenerator/src/weathergen/__init__.py", line 131, in train
1:     sys.exit(train())
1:              ^^^^^^^
0:     sys.exit(train())
0:              ^^^^^^^
0:   File "/p/project1/hclimrep/vasireddy1/Wgen_lint_fix/WeatherGenerator/src/weathergen/__init__.py", line 131, in train
1:   File "/p/project1/hclimrep/vasireddy1/Wgen_lint_fix/WeatherGenerator/src/weathergen/__init__.py", line 131, in train
2:     train_with_args(sys.argv[1:], None)
2:   File "/p/project1/hclimrep/vasireddy1/Wgen_lint_fix/WeatherGenerator/src/weathergen/__init__.py", line 144, in train_with_args
1:     train_with_args(sys.argv[1:], None)
0:     train_with_args(sys.argv[1:], None)
0:   File "/p/project1/hclimrep/vasireddy1/Wgen_lint_fix/WeatherGenerator/src/weathergen/__init__.py", line 144, in train_with_args
1:   File "/p/project1/hclimrep/vasireddy1/Wgen_lint_fix/WeatherGenerator/src/weathergen/__init__.py", line 144, in train_with_args
2:     cf = config.load_config(args.private_config, None, None, *args.config, cli_overwrite)
1:     cf = config.load_config(args.private_config, None, None, *args.config, cli_overwrite)
2:          ^^^^^^^^^^^^^^^^^^^^^^^^^^^^^^^^^^^^^^^^^^^^^^^^^^^^^^^^^^^^^^^^^^^^^^^^^^^^^^^^
2:   File "/p/project1/hclimrep/vasireddy1/Wgen_lint_fix/WeatherGenerator/src/weathergen/utils/config.py", line 118, in load_config
1:          ^^^^^^^^^^^^^^^^^^^^^^^^^^^^^^^^^^^^^^^^^^^^^^^^^^^^^^^^^^^^^^^^^^^^^^^^^^^^^^^^
1:   File "/p/project1/hclimrep/vasireddy1/Wgen_lint_fix/WeatherGenerator/src/weathergen/utils/config.py", line 118, in load_config
0:     cf = config.load_config(args.private_config, None, None, *args.config, cli_overwrite)
0:          ^^^^^^^^^^^^^^^^^^^^^^^^^^^^^^^^^^^^^^^^^^^^^^^^^^^^^^^^^^^^^^^^^^^^^^^^^^^^^^^^
0:   File "/p/project1/hclimrep/vasireddy1/Wgen_lint_fix/WeatherGenerator/src/weathergen/utils/config.py", line 118, in load_config
2:     private_config = _load_private_conf(private_home)
2:                      ^^^^^^^^^^^^^^^^^^^^^^^^^^^^^^^^
2:   File "/p/project1/hclimrep/vasireddy1/Wgen_lint_fix/WeatherGenerator/src/weathergen/utils/config.py", line 214, in _load_private_conf
1:     private_config = _load_private_conf(private_home)
1:                      ^^^^^^^^^^^^^^^^^^^^^^^^^^^^^^^^
1:   File "/p/project1/hclimrep/vasireddy1/Wgen_lint_fix/WeatherGenerator/src/weathergen/utils/config.py", line 214, in _load_private_conf
0:     private_config = _load_private_conf(private_home)
0:                      ^^^^^^^^^^^^^^^^^^^^^^^^^^^^^^^^
0:   File "/p/project1/hclimrep/vasireddy1/Wgen_lint_fix/WeatherGenerator/src/weathergen/utils/config.py", line 214, in _load_private_conf
2:     del private_cf["secrets"]
2:         ~~~~~~~~~~^^^^^^^^^^^
1:     del private_cf["secrets"]
1:         ~~~~~~~~~~^^^^^^^^^^^
2:   File "/p/project1/hclimrep/vasireddy1/Wgen_lint_fix/WeatherGenerator/.venv/lib/python3.12/site-packages/omegaconf/dictconfig.py", line 428, in __delitem__
1:   File "/p/project1/hclimrep/vasireddy1/Wgen_lint_fix/WeatherGenerator/.venv/lib/python3.12/site-packages/omegaconf/dictconfig.py", line 428, in __delitem__
0:     del private_cf["secrets"]
0:         ~~~~~~~~~~^^^^^^^^^^^
0:   File "/p/project1/hclimrep/vasireddy1/Wgen_lint_fix/WeatherGenerator/.venv/lib/python3.12/site-packages/omegaconf/dictconfig.py", line 428, in __delitem__
2:     self._format_and_raise(key=key, value=None, cause=ConfigKeyError(msg))
2:   File "/p/project1/hclimrep/vasireddy1/Wgen_lint_fix/WeatherGenerator/.venv/lib/python3.12/site-packages/omegaconf/base.py", line 231, in _format_and_raise
1:     self._format_and_raise(key=key, value=None, cause=ConfigKeyError(msg))
1:   File "/p/project1/hclimrep/vasireddy1/Wgen_lint_fix/WeatherGenerator/.venv/lib/python3.12/site-packages/omegaconf/base.py", line 231, in _format_and_raise
0:     self._format_and_raise(key=key, value=None, cause=ConfigKeyError(msg))
0:   File "/p/project1/hclimrep/vasireddy1/Wgen_lint_fix/WeatherGenerator/.venv/lib/python3.12/site-packages/omegaconf/base.py", line 231, in _format_and_raise
2:     format_and_raise(
2:   File "/p/project1/hclimrep/vasireddy1/Wgen_lint_fix/WeatherGenerator/.venv/lib/python3.12/site-packages/omegaconf/_utils.py", line 899, in format_and_raise
1:     format_and_raise(
1:   File "/p/project1/hclimrep/vasireddy1/Wgen_lint_fix/WeatherGenerator/.venv/lib/python3.12/site-packages/omegaconf/_utils.py", line 899, in format_and_raise
0:     format_and_raise(
0:   File "/p/project1/hclimrep/vasireddy1/Wgen_lint_fix/WeatherGenerator/.venv/lib/python3.12/site-packages/omegaconf/_utils.py", line 899, in format_and_raise
2:     _raise(ex, cause)
2:   File "/p/project1/hclimrep/vasireddy1/Wgen_lint_fix/WeatherGenerator/.venv/lib/python3.12/site-packages/omegaconf/_utils.py", line 797, in _raise
1:     _raise(ex, cause)
1:   File "/p/project1/hclimrep/vasireddy1/Wgen_lint_fix/WeatherGenerator/.venv/lib/python3.12/site-packages/omegaconf/_utils.py", line 797, in _raise
0:     _raise(ex, cause)
0:   File "/p/project1/hclimrep/vasireddy1/Wgen_lint_fix/WeatherGenerator/.venv/lib/python3.12/site-packages/omegaconf/_utils.py", line 797, in _raise
2:     raise ex.with_traceback(sys.exc_info()[2])  # set env var OC_CAUSE=1 for full trace
2:     ^^^^^^^^^^^^^^^^^^^^^^^^^^^^^^^^^^^^^^^^^^
2:   File "/p/project1/hclimrep/vasireddy1/Wgen_lint_fix/WeatherGenerator/.venv/lib/python3.12/site-packages/omegaconf/dictconfig.py", line 425, in __delitem__
1:     raise ex.with_traceback(sys.exc_info()[2])  # set env var OC_CAUSE=1 for full trace
1:     ^^^^^^^^^^^^^^^^^^^^^^^^^^^^^^^^^^^^^^^^^^
1:   File "/p/project1/hclimrep/vasireddy1/Wgen_lint_fix/WeatherGenerator/.venv/lib/python3.12/site-packages/omegaconf/dictconfig.py", line 425, in __delitem__
0:     raise ex.with_traceback(sys.exc_info()[2])  # set env var OC_CAUSE=1 for full trace
0:     ^^^^^^^^^^^^^^^^^^^^^^^^^^^^^^^^^^^^^^^^^^
0:   File "/p/project1/hclimrep/vasireddy1/Wgen_lint_fix/WeatherGenerator/.venv/lib/python3.12/site-packages/omegaconf/dictconfig.py", line 425, in __delitem__
2:     del self.__dict__["_content"][key]
2:         ~~~~~~~~~~~~~~~~~~~~~~~~~^^^^^
2: omegaconf.errors.ConfigKeyError: Key not found: 'secrets'
2:     full_key: secrets
2:     object_type=dict
1:     del self.__dict__["_content"][key]
1:         ~~~~~~~~~~~~~~~~~~~~~~~~~^^^^^
1: omegaconf.errors.ConfigKeyError: Key not found: 'secrets'
1:     full_key: secrets
1:     object_type=dict
0:     del self.__dict__["_content"][key]
0:         ~~~~~~~~~~~~~~~~~~~~~~~~~^^^^^
0: omegaconf.errors.ConfigKeyError: Key not found: 'secrets'
0:     full_key: secrets
0:     object_type=dict
3: 2025-05-31 17:32:01,472 weathergen/utils/config.py:174 : INFO     : Loading private config from /p/project1/hclimrep/vasireddy1/WeatherGenerator_fcst_pretraining/WeatherGenerator/config/paths.yml.
3: Traceback (most recent call last):
3:   File "/p/project1/hclimrep/vasireddy1/Wgen_lint_fix/WeatherGenerator/.venv/bin/train", line 10, in <module>
3:     sys.exit(train())
3:              ^^^^^^^
3:   File "/p/project1/hclimrep/vasireddy1/Wgen_lint_fix/WeatherGenerator/src/weathergen/__init__.py", line 131, in train
3:     train_with_args(sys.argv[1:], None)
3:   File "/p/project1/hclimrep/vasireddy1/Wgen_lint_fix/WeatherGenerator/src/weathergen/__init__.py", line 144, in train_with_args
3:     cf = config.load_config(args.private_config, None, None, *args.config, cli_overwrite)
3:          ^^^^^^^^^^^^^^^^^^^^^^^^^^^^^^^^^^^^^^^^^^^^^^^^^^^^^^^^^^^^^^^^^^^^^^^^^^^^^^^^
3:   File "/p/project1/hclimrep/vasireddy1/Wgen_lint_fix/WeatherGenerator/src/weathergen/utils/config.py", line 118, in load_config
3:     private_config = _load_private_conf(private_home)
3:                      ^^^^^^^^^^^^^^^^^^^^^^^^^^^^^^^^
3:   File "/p/project1/hclimrep/vasireddy1/Wgen_lint_fix/WeatherGenerator/src/weathergen/utils/config.py", line 214, in _load_private_conf
3:     del private_cf["secrets"]
3:         ~~~~~~~~~~^^^^^^^^^^^
3:   File "/p/project1/hclimrep/vasireddy1/Wgen_lint_fix/WeatherGenerator/.venv/lib/python3.12/site-packages/omegaconf/dictconfig.py", line 428, in __delitem__
3:     self._format_and_raise(key=key, value=None, cause=ConfigKeyError(msg))
3:   File "/p/project1/hclimrep/vasireddy1/Wgen_lint_fix/WeatherGenerator/.venv/lib/python3.12/site-packages/omegaconf/base.py", line 231, in _format_and_raise
3:     format_and_raise(
3:   File "/p/project1/hclimrep/vasireddy1/Wgen_lint_fix/WeatherGenerator/.venv/lib/python3.12/site-packages/omegaconf/_utils.py", line 899, in format_and_raise
3:     _raise(ex, cause)
3:   File "/p/project1/hclimrep/vasireddy1/Wgen_lint_fix/WeatherGenerator/.venv/lib/python3.12/site-packages/omegaconf/_utils.py", line 797, in _raise
3:     raise ex.with_traceback(sys.exc_info()[2])  # set env var OC_CAUSE=1 for full trace
3:     ^^^^^^^^^^^^^^^^^^^^^^^^^^^^^^^^^^^^^^^^^^
3:   File "/p/project1/hclimrep/vasireddy1/Wgen_lint_fix/WeatherGenerator/.venv/lib/python3.12/site-packages/omegaconf/dictconfig.py", line 425, in __delitem__
3:     del self.__dict__["_content"][key]
3:         ~~~~~~~~~~~~~~~~~~~~~~~~~^^^^^
3: omegaconf.errors.ConfigKeyError: Key not found: 'secrets'
3:     full_key: secrets
3:     object_type=dict
srun: error: jwb0065: tasks 0-3: Exited with exit code 1
+ echo 'Finished job.'
+ date
